
Showing logs for build [32mcb-kubecd-environment-pr-1317-2-vl8zz-1[0m stage [32mfrom-build-pack[0m and container [32mstep-credential-initializer-p9h42[0m
{"level":"warn","ts":1585220322.759497,"logger":"fallback-logger","caller":"logging/config.go:69","msg":"Fetch GitHub commit ID from kodata failed: \"ref: refs/heads/0.8.0-**-support-backwards-incompats\" is not a valid GitHub commit ID"}
{"level":"info","ts":1585220322.7603564,"logger":"fallback-logger","caller":"creds-init/main.go:40","msg":"Credentials initialized."}

Showing logs for build [32mcb-kubecd-environment-pr-1317-2-vl8zz-1[0m stage [32mfrom-build-pack[0m and container [32mstep-working-dir-initializer-v65jv[0m
{"level":"warn","ts":1585220323.8781497,"logger":"fallback-logger","caller":"logging/config.go:69","msg":"Fetch GitHub commit ID from kodata failed: open /var/run/ko/HEAD: no such file or directory"}
{"level":"info","ts":1585220323.8795755,"logger":"fallback-logger","caller":"bash/main.go:64","msg":"Successfully executed command \"sh -c mkdir -p /workspace/source\"; output "}

Showing logs for build [32mcb-kubecd-environment-pr-1317-2-vl8zz-1[0m stage [32mfrom-build-pack[0m and container [32mstep-place-tools[0m

Showing logs for build [32mcb-kubecd-environment-pr-1317-2-vl8zz-1[0m stage [32mfrom-build-pack[0m and container [32mstep-git-source-cb-kubecd-environment-pr-1317-2-vl8zz-cfs5g[0m
{"level":"warn","ts":1585220327.8510344,"logger":"fallback-logger","caller":"logging/config.go:69","msg":"Fetch GitHub commit ID from kodata failed: \"ref: refs/heads/0.8.0-**-support-backwards-incompats\" is not a valid GitHub commit ID"}
{"level":"info","ts":1585220328.8838031,"logger":"fallback-logger","caller":"git/git.go:103","msg":"Successfully cloned https://github.com/cb-kubecd/environment-pr-1317-2-bdd-frontend-staging.git @ master in path /workspace/source"}

Showing logs for build [32mcb-kubecd-environment-pr-1317-2-vl8zz-1[0m stage [32mfrom-build-pack[0m and container [32mstep-git-merge[0m
Using SHAs from PULL_REFS=master:8a7812e9fa761d9c37cd2f02b64b8f3d322b619a,1:9c1bbe701f2f92d9cda06ac54758bbfceeaf563a
DEBUG: LC_ALL=C JX_LOG_LEVEL=error git fetch origin --unshallow 9c1bbe701f2f92d9cda06ac54758bbfceeaf563a: 8a7812e9fa761d9c37cd2f02b64b8f3d322b619a:
DEBUG: ran git fetch --unshallow origin 9c1bbe701f2f92d9cda06ac54758bbfceeaf563a: 8a7812e9fa761d9c37cd2f02b64b8f3d322b619a: in 
DEBUG: LC_ALL=C JX_LOG_LEVEL=error git branch
DEBUG: JX_LOG_LEVEL=error LC_ALL=C git checkout master
DEBUG: ran git checkout master in 
DEBUG: LC_ALL=C JX_LOG_LEVEL=error git reset --hard 8a7812e9fa761d9c37cd2f02b64b8f3d322b619a
DEBUG: ran git reset --hard 8a7812e9fa761d9c37cd2f02b64b8f3d322b619a in 
DEBUG: LC_ALL=C JX_LOG_LEVEL=error git clean -fd .
DEBUG: ran clean --force -d . in 
DEBUG: LC_ALL=C JX_LOG_LEVEL=error git merge 9c1bbe701f2f92d9cda06ac54758bbfceeaf563a
DEBUG: ran git merge 9c1bbe701f2f92d9cda06ac54758bbfceeaf563a in 
DEBUG: LC_ALL=C JX_LOG_LEVEL=error git log --format=%H%x1f%an%x1f%ae%x1f%cn%x1f%ce%x1f%s%n%b%x1e 8a7812e9fa761d9c37cd2f02b64b8f3d322b619a..HEAD
Merged SHA 9c1bbe701f2f92d9cda06ac54758bbfceeaf563a with commit message 'chore: Promote bdd-nh-1585219438 to version 0.0.1' into base branch master

Showing logs for build [32mcb-kubecd-environment-pr-1317-2-vl8zz-1[0m stage [32mfrom-build-pack[0m and container [32mstep-build-helm-build[0m
WARNING: No $CHART_REPOSITORY defined so using the default value of: http://jenkins-x-chartmuseum:8080
Adding missing Helm repo: storage.googleapis.com https://storage.googleapis.com/chartmuseum.jenkins-x.io
WARNING: No secrets found on "helm/repos" due: reading the secret "helm/repos" from vault: no secret "helm/repos" not found in vault
Read credentials for https://storage.googleapis.com/chartmuseum.jenkins-x.io from vault helm/repos
Successfully added Helm repository storage.googleapis.com.
Adding missing Helm repo: jenkins-x-chartmuseum http://jenkins-x-chartmuseum:8080
WARNING: No secrets found on "helm/repos" due: reading the secret "helm/repos" from vault: no secret "helm/repos" not found in vault
Read credentials for http://jenkins-x-chartmuseum:8080 from vault helm/repos
Successfully added Helm repository jenkins-x-chartmuseum.
WARNING: No $CHART_REPOSITORY defined so using the default value of: http://jenkins-x-chartmuseum:8080
Adding missing Helm repo: chartmuseum.jenkins-x.io http://chartmuseum.jenkins-x.io
WARNING: No secrets found on "helm/repos" due: reading the secret "helm/repos" from vault: no secret "helm/repos" not found in vault
Read credentials for http://chartmuseum.jenkins-x.io from vault helm/repos
Successfully added Helm repository chartmuseum.jenkins-x.io.
